Arguments: 
  /usr/local/bin/node /usr/local/Cellar/yarn/1.16.0/libexec/bin/yarn.js add @fortawesome/fontawesome-pro

PATH: 
  /usr/local/bin:/usr/bin:/bin:/usr/sbin:/sbin

Yarn version: 
  1.16.0

Node version: 
  10.15.3

Platform: 
  darwin x64

Trace: 
  Error: https://registry.yarnpkg.com/@fortawesome%2ffontawesome-pro: Not found
      at Request.params.callback [as _callback] (/usr/local/Cellar/yarn/1.16.0/libexec/lib/cli.js:66091:18)
      at Request.self.callback (/usr/local/Cellar/yarn/1.16.0/libexec/lib/cli.js:129590:22)
      at Request.emit (events.js:189:13)
      at Request.<anonymous> (/usr/local/Cellar/yarn/1.16.0/libexec/lib/cli.js:130562:10)
      at Request.emit (events.js:189:13)
      at IncomingMessage.<anonymous> (/usr/local/Cellar/yarn/1.16.0/libexec/lib/cli.js:130484:12)
      at Object.onceWrapper (events.js:277:13)
      at IncomingMessage.emit (events.js:194:15)
      at endReadableNT (_stream_readable.js:1125:12)
      at process._tickCallback (internal/process/next_tick.js:63:19)

npm manifest: 
  {
    "name": "nyt-search",
    "version": "1.0.0",
    "main": "server.js",
    "author": "mrkprinc <36653433+mrkprinc@users.noreply.github.com>",
    "dependencies": {
      "axios": "^0.18.0",
      "body-parser": "^1.18.3",
      "concurrently": "^4.0.1",
      "dotenv": "^6.1.0",
      "express": "^4.16.4",
      "if-env": "^1.0.4",
      "mongoose": "^5.3.4",
      "path": "^0.12.7"
    },
    "scripts": {
      "start": "if-env NODE_ENV=production && yarn start:prod || yarn start:dev",
      "start:dev": "concurrently \"nodemon --ignore 'client/*'\" \"yarn client\"",
      "start:prod": "node server.js",
      "client": "cd client && yarn start"
    },
    "devDependencies": {
      "nodemon": "^1.18.4"
    }
  }

yarn manifest: 
  No manifest

Lockfile: 
  No lockfile
